<?xml version="1.0" encoding="UTF-8"?>
<testng-results ignored="0" total="2" passed="2" failed="0" skipped="0">
  <reporter-output>
  </reporter-output>
  <suite started-at="2022-01-10T12:42:04 IST" name="Default suite" finished-at="2022-01-10T12:42:04 IST" duration-ms="241">
    <groups>
    </groups>
    <test started-at="2022-01-10T12:42:04 IST" name="Default test" finished-at="2022-01-10T12:42:04 IST" duration-ms="241">
      <class name="test.TestNG1">
        <test-method is-config="true" signature="beforeSuite()[pri:0, instance:test.TestNG1@2fd1433e]" started-at="2022-01-10T12:42:04 IST" name="beforeSuite" finished-at="2022-01-10T12:42:04 IST" duration-ms="24" status="PASS">
          <reporter-output>
          </reporter-output>
        </test-method> <!-- beforeSuite -->
        <test-method is-config="true" signature="beforeTest()[pri:0, instance:test.TestNG1@2fd1433e]" started-at="2022-01-10T12:42:04 IST" name="beforeTest" finished-at="2022-01-10T12:42:04 IST" duration-ms="4" status="PASS">
          <reporter-output>
          </reporter-output>
        </test-method> <!-- beforeTest -->
        <test-method is-config="true" signature="beforeClass()[pri:0, instance:test.TestNG1@2fd1433e]" started-at="2022-01-10T12:42:04 IST" name="beforeClass" finished-at="2022-01-10T12:42:04 IST" duration-ms="1" status="PASS">
          <reporter-output>
          </reporter-output>
        </test-method> <!-- beforeClass -->
        <test-method is-config="true" signature="beforeMethod()[pri:0, instance:test.TestNG1@2fd1433e]" started-at="2022-01-10T12:42:04 IST" name="beforeMethod" finished-at="2022-01-10T12:42:04 IST" duration-ms="1" status="PASS">
          <reporter-output>
          </reporter-output>
        </test-method> <!-- beforeMethod -->
        <test-method signature="a()[pri:0, instance:test.TestNG1@2fd1433e]" started-at="2022-01-10T12:42:04 IST" name="a" finished-at="2022-01-10T12:42:04 IST" duration-ms="13" status="PASS">
          <reporter-output>
          </reporter-output>
        </test-method> <!-- a -->
        <test-method is-config="true" signature="afterMethod()[pri:0, instance:test.TestNG1@2fd1433e]" started-at="2022-01-10T12:42:04 IST" name="afterMethod" finished-at="2022-01-10T12:42:04 IST" duration-ms="2" status="PASS">
          <reporter-output>
          </reporter-output>
        </test-method> <!-- afterMethod -->
        <test-method is-config="true" signature="beforeMethod()[pri:0, instance:test.TestNG1@2fd1433e]" started-at="2022-01-10T12:42:04 IST" name="beforeMethod" finished-at="2022-01-10T12:42:04 IST" duration-ms="1" status="PASS">
          <reporter-output>
          </reporter-output>
        </test-method> <!-- beforeMethod -->
        <test-method signature="b()[pri:0, instance:test.TestNG1@2fd1433e]" started-at="2022-01-10T12:42:04 IST" name="b" finished-at="2022-01-10T12:42:04 IST" duration-ms="3" status="PASS">
          <reporter-output>
          </reporter-output>
        </test-method> <!-- b -->
        <test-method is-config="true" signature="afterMethod()[pri:0, instance:test.TestNG1@2fd1433e]" started-at="2022-01-10T12:42:04 IST" name="afterMethod" finished-at="2022-01-10T12:42:04 IST" duration-ms="1" status="PASS">
          <reporter-output>
          </reporter-output>
        </test-method> <!-- afterMethod -->
        <test-method is-config="true" signature="afterClass()[pri:0, instance:test.TestNG1@2fd1433e]" started-at="2022-01-10T12:42:04 IST" name="afterClass" finished-at="2022-01-10T12:42:04 IST" duration-ms="1" status="PASS">
          <reporter-output>
          </reporter-output>
        </test-method> <!-- afterClass -->
        <test-method is-config="true" signature="afterTest()[pri:0, instance:test.TestNG1@2fd1433e]" started-at="2022-01-10T12:42:04 IST" name="afterTest" finished-at="2022-01-10T12:42:04 IST" duration-ms="2" status="PASS">
          <reporter-output>
          </reporter-output>
        </test-method> <!-- afterTest -->
        <test-method is-config="true" signature="afterSuite()[pri:0, instance:test.TestNG1@2fd1433e]" started-at="2022-01-10T12:42:04 IST" name="afterSuite" finished-at="2022-01-10T12:42:04 IST" duration-ms="3" status="PASS">
          <reporter-output>
          </reporter-output>
        </test-method> <!-- afterSuite -->
      </class> <!-- test.TestNG1 -->
    </test> <!-- Default test -->
  </suite> <!-- Default suite -->
</testng-results>
