<?xml version="1.0" encoding="UTF-8"?>
<!-- Generated by org.testng.reporters.JUnitXMLReporter -->
<testsuite ignored="0" hostname="DESKTOP-UUPMMF7" failures="0" tests="4" name="NewTest" time="0.094" errors="0" timestamp="2022-01-04T18:46:12 IST">
  <testcase classname="TestNg.test5_parallelTesting" name="d" time="0.016"/>
  <testcase classname="TestNg.test5_parallelTesting" name="a" time="0.014"/>
  <testcase classname="TestNg.test5_parallelTesting" name="b" time="0.016"/>
  <testcase classname="TestNg.test5_parallelTesting" name="c" time="0.016"/>
</testsuite> <!-- NewTest -->
